2025-10-30 22:28:41,360 - dash_client.py:546 - INFO - Downloading MPD file http://juliet/media/BigBuckBunny/4sec/BigBuckBunny_4s.mpd
2025-10-30 22:28:41,841 - dash_client.py:132 - INFO - Downloaded the MPD file BigBuckBunny_4s.mpd
2025-10-30 22:28:41,842 - read_mpd.py:121 - INFO - Reading the MPD file
2025-10-30 22:28:41,866 - read_mpd.py:157 - INFO - Found Video
2025-10-30 22:28:41,866 - read_mpd.py:159 - INFO - Retrieving Media
2025-10-30 22:28:41,870 - dash_client.py:555 - INFO - The DASH media has 20 video representations
2025-10-30 22:28:41,870 - dash_client.py:565 - CRITICAL - Started Basic-DASH Playback
2025-10-30 22:28:41,870 - dash_buffer.py:28 - INFO - Initializing the Buffer
2025-10-30 22:28:41,870 - dash_buffer.py:59 - INFO - VideoLength=596.46,segmentDuration=4,MaxBufferSize=596.46,InitialBuffer(secs)=1,BufferAlph(secs)=5,BufferBeta(secs)=10
2025-10-30 22:28:41,870 - dash_buffer.py:70 - INFO - Changing state from INITIALIZED to INITIAL_BUFFERING at 0 Playback time 
2025-10-30 22:28:41,871 - dash_buffer.py:273 - INFO - BufferStats: EpochTime=0,CurrentPlaybackTime=0,CurrentBufferSize=0,CurrentPlaybackState=INITIAL_BUFFERING,Action=Starting,Bitrate=0
2025-10-30 22:28:41,871 - dash_buffer.py:230 - INFO - Starting the Player
2025-10-30 22:28:41,871 - dash_buffer.py:84 - INFO - Initialized player with video length 596.46
2025-10-30 22:28:41,871 - dash_buffer.py:273 - INFO - BufferStats: EpochTime=0,CurrentPlaybackTime=0,CurrentBufferSize=0,CurrentPlaybackState=INITIAL_BUFFERING,Action=Starting,Bitrate=0
2025-10-30 22:28:41,876 - dash_client.py:242 - INFO - The segments are stored in TEMP_nQTcO4
2025-10-30 22:28:41,878 - dash_client.py:281 - INFO -  BASIC: Processing the segment 1
2025-10-30 22:28:41,878 - dash_client.py:360 - INFO - BASIC: Segment URL = http://juliet/media/BigBuckBunny/4sec/bunny_45226bps/BigBuckBunny_4s_init.mp4
2025-10-30 22:28:41,890 - dash_client.py:375 - INFO - BASIC: Downloaded segment http://juliet/media/BigBuckBunny/4sec/bunny_45226bps/BigBuckBunny_4s_init.mp4
2025-10-30 22:28:41,891 - dash_client.py:389 - INFO - BASIC : The total downloaded = 877, segment_size = 877, segment_number = 1
2025-10-30 22:28:41,891 - dash_buffer.py:214 - INFO - Writing segment 1 at time 2.86102294921875e-06
2025-10-30 22:28:41,891 - dash_buffer.py:273 - INFO - BufferStats: EpochTime=0.0001468658447265625,CurrentPlaybackTime=0,CurrentBufferSize=1,CurrentPlaybackState=INITIAL_BUFFERING,Action=Writing,Bitrate=45226
2025-10-30 22:28:41,891 - dash_client.py:404 - INFO - Downloaded http://juliet/media/BigBuckBunny/4sec/bunny_45226bps/BigBuckBunny_4s_init.mp4. Size = 877 in 0.012428310001268983 seconds
2025-10-30 22:28:41,891 - dash_client.py:281 - INFO -  BASIC: Processing the segment 2
2025-10-30 22:28:41,892 - basic_dash2.py:59 - INFO - Basic Adaptation: Download Rate = 564517.6214049727, next_bitrate = 88783.0
2025-10-30 22:28:41,892 - dash_client.py:303 - INFO - Basic-DASH: Selected 88783.0 for the segment 3
2025-10-30 22:28:41,892 - dash_client.py:360 - INFO - BASIC: Segment URL = http://juliet/media/BigBuckBunny/4sec/bunny_88783bps/BigBuckBunny_4s1.m4s
2025-10-30 22:28:41,892 - dash_buffer.py:147 - INFO - Initial Waiting Time = 0.019162654876708984
2025-10-30 22:28:41,892 - dash_buffer.py:70 - INFO - Changing state from INITIAL_BUFFERING to PLAY at 0 Playback time 
2025-10-30 22:28:41,893 - dash_buffer.py:273 - INFO - BufferStats: EpochTime=0.0017342567443847656,CurrentPlaybackTime=0,CurrentBufferSize=1,CurrentPlaybackState=PLAY,Action=InitialBuffering-Play,Bitrate=0
2025-10-30 22:28:41,893 - dash_buffer.py:170 - INFO - Reading the segment number 1 from the buffer at playtime 0
2025-10-30 22:28:41,893 - dash_buffer.py:273 - INFO - BufferStats: EpochTime=0.002145528793334961,CurrentPlaybackTime=0,CurrentBufferSize=0,CurrentPlaybackState=PLAY,Action=StillPlaying,Bitrate=45226
2025-10-30 22:28:41,893 - dash_buffer.py:183 - INFO - Started playing with representation 45226 at 0
2025-10-30 22:28:41,955 - dash_client.py:375 - INFO - BASIC: Downloaded segment http://juliet/media/BigBuckBunny/4sec/bunny_88783bps/BigBuckBunny_4s1.m4s
2025-10-30 22:28:41,956 - dash_client.py:389 - INFO - BASIC : The total downloaded = 43939, segment_size = 43062, segment_number = 2
2025-10-30 22:28:41,956 - dash_buffer.py:214 - INFO - Writing segment 2 at time 0.06510448455810547
2025-10-30 22:28:41,956 - dash_buffer.py:273 - INFO - BufferStats: EpochTime=0.06524372100830078,CurrentPlaybackTime=0,CurrentBufferSize=1,CurrentPlaybackState=PLAY,Action=Writing,Bitrate=88783.0
2025-10-30 22:28:41,956 - dash_client.py:404 - INFO - Downloaded http://juliet/media/BigBuckBunny/4sec/bunny_88783bps/BigBuckBunny_4s1.m4s. Size = 43062 in 0.0636667889993987 seconds
2025-10-30 22:28:41,956 - dash_client.py:281 - INFO -  BASIC: Processing the segment 3
2025-10-30 22:28:41,957 - basic_dash2.py:59 - INFO - Basic Adaptation: Download Rate = 4619377.65527995, next_bitrate = 128503.0
2025-10-30 22:28:41,957 - dash_client.py:303 - INFO - Basic-DASH: Selected 128503.0 for the segment 4
2025-10-30 22:28:41,957 - dash_client.py:360 - INFO - BASIC: Segment URL = http://juliet/media/BigBuckBunny/4sec/bunny_128503bps/BigBuckBunny_4s2.m4s
2025-10-30 22:28:42,127 - dash_client.py:375 - INFO - BASIC: Downloaded segment http://juliet/media/BigBuckBunny/4sec/bunny_128503bps/BigBuckBunny_4s2.m4s
2025-10-30 22:28:42,128 - dash_client.py:389 - INFO - BASIC : The total downloaded = 113101, segment_size = 69162, segment_number = 3
2025-10-30 22:28:42,128 - dash_buffer.py:214 - INFO - Writing segment 3 at time 0.23772597312927246
2025-10-30 22:28:42,129 - dash_buffer.py:273 - INFO - BufferStats: EpochTime=0.23833036422729492,CurrentPlaybackTime=0,CurrentBufferSize=2,CurrentPlaybackState=PLAY,Action=Writing,Bitrate=128503.0
2025-10-30 22:28:42,130 - dash_client.py:404 - INFO - Downloaded http://juliet/media/BigBuckBunny/4sec/bunny_128503bps/BigBuckBunny_4s2.m4s. Size = 69162 in 0.17070884999884584 seconds
2025-10-30 22:28:42,130 - dash_client.py:281 - INFO -  BASIC: Processing the segment 4
2025-10-30 22:28:42,132 - basic_dash2.py:59 - INFO - Basic Adaptation: Download Rate = 3666100.1724967677, next_bitrate = 177437.0
2025-10-30 22:28:42,140 - dash_client.py:303 - INFO - Basic-DASH: Selected 177437.0 for the segment 5
2025-10-30 22:28:42,140 - dash_client.py:360 - INFO - BASIC: Segment URL = http://juliet/media/BigBuckBunny/4sec/bunny_177437bps/BigBuckBunny_4s3.m4s
2025-10-30 22:28:42,351 - dash_client.py:375 - INFO - BASIC: Downloaded segment http://juliet/media/BigBuckBunny/4sec/bunny_177437bps/BigBuckBunny_4s3.m4s
2025-10-30 22:28:42,351 - dash_client.py:389 - INFO - BASIC : The total downloaded = 212355, segment_size = 99254, segment_number = 4
2025-10-30 22:28:42,351 - dash_buffer.py:214 - INFO - Writing segment 4 at time 0.46067047119140625
2025-10-30 22:28:42,352 - dash_buffer.py:273 - INFO - BufferStats: EpochTime=0.4608030319213867,CurrentPlaybackTime=0,CurrentBufferSize=3,CurrentPlaybackState=PLAY,Action=Writing,Bitrate=177437.0
2025-10-30 22:28:42,352 - dash_client.py:404 - INFO - Downloaded http://juliet/media/BigBuckBunny/4sec/bunny_177437bps/BigBuckBunny_4s3.m4s. Size = 99254 in 0.21033735399942088 seconds
2025-10-30 22:28:42,352 - dash_client.py:281 - INFO -  BASIC: Processing the segment 5
2025-10-30 22:28:42,352 - basic_dash2.py:59 - INFO - Basic Adaptation: Download Rate = 3716225.134012798, next_bitrate = 217761.0
2025-10-30 22:28:42,352 - dash_client.py:303 - INFO - Basic-DASH: Selected 217761.0 for the segment 6
2025-10-30 22:28:42,353 - dash_client.py:360 - INFO - BASIC: Segment URL = http://juliet/media/BigBuckBunny/4sec/bunny_217761bps/BigBuckBunny_4s4.m4s
2025-10-30 22:28:42,651 - dash_client.py:375 - INFO - BASIC: Downloaded segment http://juliet/media/BigBuckBunny/4sec/bunny_217761bps/BigBuckBunny_4s4.m4s
2025-10-30 22:28:42,651 - dash_client.py:389 - INFO - BASIC : The total downloaded = 330993, segment_size = 118638, segment_number = 5
2025-10-30 22:28:42,651 - dash_buffer.py:214 - INFO - Writing segment 5 at time 0.7604842185974121
2025-10-30 22:28:42,651 - dash_buffer.py:273 - INFO - BufferStats: EpochTime=0.7606191635131836,CurrentPlaybackTime=0,CurrentBufferSize=4,CurrentPlaybackState=PLAY,Action=Writing,Bitrate=217761.0
2025-10-30 22:28:42,652 - dash_client.py:404 - INFO - Downloaded http://juliet/media/BigBuckBunny/4sec/bunny_217761bps/BigBuckBunny_4s4.m4s. Size = 118638 in 0.2983605029985483 seconds
2025-10-30 22:28:42,652 - dash_client.py:281 - INFO -  BASIC: Processing the segment 6
2025-10-30 22:28:42,652 - basic_dash2.py:59 - INFO - Basic Adaptation: Download Rate = 3504881.0988663905, next_bitrate = 255865.0
2025-10-30 22:28:42,652 - dash_client.py:303 - INFO - Basic-DASH: Selected 255865.0 for the segment 7
2025-10-30 22:28:42,652 - dash_client.py:360 - INFO - BASIC: Segment URL = http://juliet/media/BigBuckBunny/4sec/bunny_255865bps/BigBuckBunny_4s5.m4s
2025-10-30 22:28:42,961 - dash_client.py:375 - INFO - BASIC: Downloaded segment http://juliet/media/BigBuckBunny/4sec/bunny_255865bps/BigBuckBunny_4s5.m4s
2025-10-30 22:28:42,961 - dash_client.py:389 - INFO - BASIC : The total downloaded = 441929, segment_size = 110936, segment_number = 6
2025-10-30 22:28:42,961 - dash_buffer.py:214 - INFO - Writing segment 6 at time 1.0703411102294922
2025-10-30 22:28:42,961 - dash_buffer.py:273 - INFO - BufferStats: EpochTime=1.0704824924468994,CurrentPlaybackTime=1,CurrentBufferSize=5,CurrentPlaybackState=PLAY,Action=Writing,Bitrate=255865.0
2025-10-30 22:28:42,961 - dash_client.py:404 - INFO - Downloaded http://juliet/media/BigBuckBunny/4sec/bunny_255865bps/BigBuckBunny_4s5.m4s. Size = 110936 in 0.30839917000048445 seconds
2025-10-30 22:28:42,962 - dash_client.py:281 - INFO -  BASIC: Processing the segment 7
2025-10-30 22:28:42,962 - basic_dash2.py:59 - INFO - Basic Adaptation: Download Rate = 3355689.704644286, next_bitrate = 323047.0
2025-10-30 22:28:42,962 - dash_client.py:303 - INFO - Basic-DASH: Selected 323047.0 for the segment 8
2025-10-30 22:28:42,962 - dash_client.py:360 - INFO - BASIC: Segment URL = http://juliet/media/BigBuckBunny/4sec/bunny_323047bps/BigBuckBunny_4s6.m4s
2025-10-30 22:28:43,263 - dash_client.py:375 - INFO - BASIC: Downloaded segment http://juliet/media/BigBuckBunny/4sec/bunny_323047bps/BigBuckBunny_4s6.m4s
2025-10-30 22:28:43,263 - dash_client.py:389 - INFO - BASIC : The total downloaded = 547417, segment_size = 105488, segment_number = 7
2025-10-30 22:28:43,263 - dash_buffer.py:214 - INFO - Writing segment 7 at time 1.372206211090088
2025-10-30 22:28:43,263 - dash_buffer.py:273 - INFO - BufferStats: EpochTime=1.3723137378692627,CurrentPlaybackTime=1,CurrentBufferSize=6,CurrentPlaybackState=PLAY,Action=Writing,Bitrate=323047.0
2025-10-30 22:28:43,263 - dash_client.py:404 - INFO - Downloaded http://juliet/media/BigBuckBunny/4sec/bunny_323047bps/BigBuckBunny_4s6.m4s. Size = 105488 in 0.3004285949991754 seconds
2025-10-30 22:28:43,263 - dash_client.py:281 - INFO -  BASIC: Processing the segment 8
2025-10-30 22:28:43,264 - basic_dash2.py:59 - INFO - Basic Adaptation: Download Rate = 3126623.3651997955, next_bitrate = 378355.0
2025-10-30 22:28:43,264 - dash_client.py:303 - INFO - Basic-DASH: Selected 378355.0 for the segment 9
2025-10-30 22:28:43,264 - dash_client.py:360 - INFO - BASIC: Segment URL = http://juliet/media/BigBuckBunny/4sec/bunny_378355bps/BigBuckBunny_4s7.m4s
2025-10-30 22:28:43,845 - dash_client.py:375 - INFO - BASIC: Downloaded segment http://juliet/media/BigBuckBunny/4sec/bunny_378355bps/BigBuckBunny_4s7.m4s
2025-10-30 22:28:43,846 - dash_client.py:389 - INFO - BASIC : The total downloaded = 789353, segment_size = 241936, segment_number = 8
2025-10-30 22:28:43,846 - dash_buffer.py:214 - INFO - Writing segment 8 at time 1.9549944400787354
2025-10-30 22:28:43,846 - dash_buffer.py:273 - INFO - BufferStats: EpochTime=1.9551301002502441,CurrentPlaybackTime=1,CurrentBufferSize=7,CurrentPlaybackState=PLAY,Action=Writing,Bitrate=378355.0
2025-10-30 22:28:43,846 - dash_client.py:404 - INFO - Downloaded http://juliet/media/BigBuckBunny/4sec/bunny_378355bps/BigBuckBunny_4s7.m4s. Size = 241936 in 0.5814116049987206 seconds
2025-10-30 22:28:43,846 - dash_client.py:281 - INFO -  BASIC: Processing the segment 9
2025-10-30 22:28:43,847 - basic_dash2.py:59 - INFO - Basic Adaptation: Download Rate = 3184353.084995779, next_bitrate = 509091.0
2025-10-30 22:28:43,847 - dash_client.py:303 - INFO - Basic-DASH: Selected 509091.0 for the segment 10
2025-10-30 22:28:43,847 - dash_client.py:360 - INFO - BASIC: Segment URL = http://juliet/media/BigBuckBunny/4sec/bunny_509091bps/BigBuckBunny_4s8.m4s
2025-10-30 22:28:44,477 - dash_client.py:375 - INFO - BASIC: Downloaded segment http://juliet/media/BigBuckBunny/4sec/bunny_509091bps/BigBuckBunny_4s8.m4s
2025-10-30 22:28:44,477 - dash_client.py:389 - INFO - BASIC : The total downloaded = 1078137, segment_size = 288784, segment_number = 9
2025-10-30 22:28:44,477 - dash_buffer.py:214 - INFO - Writing segment 9 at time 2.5862131118774414
2025-10-30 22:28:44,477 - dash_buffer.py:273 - INFO - BufferStats: EpochTime=2.5863521099090576,CurrentPlaybackTime=2,CurrentBufferSize=8,CurrentPlaybackState=PLAY,Action=Writing,Bitrate=509091.0
2025-10-30 22:28:44,477 - dash_client.py:404 - INFO - Downloaded http://juliet/media/BigBuckBunny/4sec/bunny_509091bps/BigBuckBunny_4s8.m4s. Size = 288784 in 0.6297164739989967 seconds
2025-10-30 22:28:44,477 - dash_client.py:281 - INFO -  BASIC: Processing the segment 10
2025-10-30 22:28:44,478 - basic_dash2.py:59 - INFO - Basic Adaptation: Download Rate = 3269698.602771214, next_bitrate = 577751.0
2025-10-30 22:28:44,478 - dash_client.py:303 - INFO - Basic-DASH: Selected 577751.0 for the segment 11
2025-10-30 22:28:44,478 - dash_client.py:360 - INFO - BASIC: Segment URL = http://juliet/media/BigBuckBunny/4sec/bunny_577751bps/BigBuckBunny_4s9.m4s
2025-10-30 22:28:45,166 - dash_client.py:375 - INFO - BASIC: Downloaded segment http://juliet/media/BigBuckBunny/4sec/bunny_577751bps/BigBuckBunny_4s9.m4s
2025-10-30 22:28:45,166 - dash_client.py:389 - INFO - BASIC : The total downloaded = 1389567, segment_size = 311430, segment_number = 10
2025-10-30 22:28:45,166 - dash_buffer.py:214 - INFO - Writing segment 10 at time 3.275191307067871
2025-10-30 22:28:45,166 - dash_buffer.py:273 - INFO - BufferStats: EpochTime=3.275336742401123,CurrentPlaybackTime=3,CurrentBufferSize=9,CurrentPlaybackState=PLAY,Action=Writing,Bitrate=577751.0
2025-10-30 22:28:45,166 - dash_client.py:404 - INFO - Downloaded http://juliet/media/BigBuckBunny/4sec/bunny_577751bps/BigBuckBunny_4s9.m4s. Size = 311430 in 0.6875006350001058 seconds
2025-10-30 22:28:45,166 - dash_client.py:281 - INFO -  BASIC: Processing the segment 11
2025-10-30 22:28:45,167 - basic_dash2.py:59 - INFO - Basic Adaptation: Download Rate = 3377363.5039862646, next_bitrate = 782553.0
2025-10-30 22:28:45,167 - dash_client.py:303 - INFO - Basic-DASH: Selected 782553.0 for the segment 12
2025-10-30 22:28:45,167 - dash_client.py:360 - INFO - BASIC: Segment URL = http://juliet/media/BigBuckBunny/4sec/bunny_782553bps/BigBuckBunny_4s10.m4s
2025-10-30 22:28:45,893 - dash_buffer.py:170 - INFO - Reading the segment number 2 from the buffer at playtime 4
2025-10-30 22:28:45,893 - dash_buffer.py:273 - INFO - BufferStats: EpochTime=4.002577543258667,CurrentPlaybackTime=4,CurrentBufferSize=8,CurrentPlaybackState=PLAY,Action=StillPlaying,Bitrate=88783.0
2025-10-30 22:28:46,169 - dash_client.py:375 - INFO - BASIC: Downloaded segment http://juliet/media/BigBuckBunny/4sec/bunny_782553bps/BigBuckBunny_4s10.m4s
2025-10-30 22:28:46,170 - dash_client.py:389 - INFO - BASIC : The total downloaded = 1814719, segment_size = 425152, segment_number = 11
2025-10-30 22:28:46,170 - dash_buffer.py:214 - INFO - Writing segment 11 at time 4.279011011123657
2025-10-30 22:28:46,170 - dash_buffer.py:273 - INFO - BufferStats: EpochTime=4.279158353805542,CurrentPlaybackTime=4,CurrentBufferSize=9,CurrentPlaybackState=PLAY,Action=Writing,Bitrate=782553.0
2025-10-30 22:28:46,170 - dash_client.py:404 - INFO - Downloaded http://juliet/media/BigBuckBunny/4sec/bunny_782553bps/BigBuckBunny_4s10.m4s. Size = 425152 in 1.0023296239996853 seconds
2025-10-30 22:28:46,170 - dash_client.py:281 - INFO -  BASIC: Processing the segment 12
2025-10-30 22:28:46,171 - basic_dash2.py:59 - INFO - Basic Adaptation: Download Rate = 3430488.169613384, next_bitrate = 1008699.0
2025-10-30 22:28:46,171 - dash_client.py:303 - INFO - Basic-DASH: Selected 1008699.0 for the segment 13
2025-10-30 22:28:46,171 - dash_client.py:360 - INFO - BASIC: Segment URL = http://juliet/media/BigBuckBunny/4sec/bunny_1008699bps/BigBuckBunny_4s11.m4s
2025-10-30 22:28:47,318 - dash_client.py:375 - INFO - BASIC: Downloaded segment http://juliet/media/BigBuckBunny/4sec/bunny_1008699bps/BigBuckBunny_4s11.m4s
2025-10-30 22:28:47,318 - dash_client.py:389 - INFO - BASIC : The total downloaded = 2395182, segment_size = 580463, segment_number = 12
2025-10-30 22:28:47,318 - dash_buffer.py:214 - INFO - Writing segment 12 at time 5.42780065536499
2025-10-30 22:28:47,319 - dash_buffer.py:273 - INFO - BufferStats: EpochTime=5.427948474884033,CurrentPlaybackTime=5,CurrentBufferSize=10,CurrentPlaybackState=PLAY,Action=Writing,Bitrate=1008699.0
2025-10-30 22:28:47,319 - dash_client.py:404 - INFO - Downloaded http://juliet/media/BigBuckBunny/4sec/bunny_1008699bps/BigBuckBunny_4s11.m4s. Size = 580463 in 1.1472716180014686 seconds
2025-10-30 22:28:47,319 - dash_client.py:281 - INFO -  BASIC: Processing the segment 13
2025-10-30 22:28:47,319 - basic_dash2.py:59 - INFO - Basic Adaptation: Download Rate = 3651502.0541495485, next_bitrate = 1207152.0
2025-10-30 22:28:47,320 - dash_client.py:303 - INFO - Basic-DASH: Selected 1207152.0 for the segment 14
2025-10-30 22:28:47,320 - dash_client.py:360 - INFO - BASIC: Segment URL = http://juliet/media/BigBuckBunny/4sec/bunny_1207152bps/BigBuckBunny_4s12.m4s
2025-10-30 22:28:48,629 - dash_client.py:375 - INFO - BASIC: Downloaded segment http://juliet/media/BigBuckBunny/4sec/bunny_1207152bps/BigBuckBunny_4s12.m4s
2025-10-30 22:28:48,629 - dash_client.py:389 - INFO - BASIC : The total downloaded = 3128484, segment_size = 733302, segment_number = 13
2025-10-30 22:28:48,629 - dash_buffer.py:214 - INFO - Writing segment 13 at time 6.738801956176758
2025-10-30 22:28:48,630 - dash_buffer.py:273 - INFO - BufferStats: EpochTime=6.7389445304870605,CurrentPlaybackTime=6,CurrentBufferSize=11,CurrentPlaybackState=PLAY,Action=Writing,Bitrate=1207152.0
2025-10-30 22:28:48,630 - dash_client.py:404 - INFO - Downloaded http://juliet/media/BigBuckBunny/4sec/bunny_1207152bps/BigBuckBunny_4s12.m4s. Size = 733302 in 1.3095106930013571 seconds
2025-10-30 22:28:48,630 - dash_client.py:281 - INFO -  BASIC: Processing the segment 14
2025-10-30 22:28:48,630 - basic_dash2.py:59 - INFO - Basic Adaptation: Download Rate = 3917872.455521236, next_bitrate = 1473801.0
2025-10-30 22:28:48,631 - dash_client.py:303 - INFO - Basic-DASH: Selected 1473801.0 for the segment 15
2025-10-30 22:28:48,631 - dash_client.py:360 - INFO - BASIC: Segment URL = http://juliet/media/BigBuckBunny/4sec/bunny_1473801bps/BigBuckBunny_4s13.m4s
2025-10-30 22:28:48,631 - dash_client.py:363 - INFO - SLEEPING for 4seconds 
2025-10-30 22:28:49,893 - dash_buffer.py:170 - INFO - Reading the segment number 3 from the buffer at playtime 8
2025-10-30 22:28:49,893 - dash_buffer.py:273 - INFO - BufferStats: EpochTime=8.002495527267456,CurrentPlaybackTime=8,CurrentBufferSize=10,CurrentPlaybackState=PLAY,Action=StillPlaying,Bitrate=128503.0
2025-10-30 22:28:53,893 - dash_buffer.py:170 - INFO - Reading the segment number 4 from the buffer at playtime 12
2025-10-30 22:28:53,893 - dash_buffer.py:273 - INFO - BufferStats: EpochTime=12.002599477767944,CurrentPlaybackTime=12,CurrentBufferSize=9,CurrentPlaybackState=PLAY,Action=StillPlaying,Bitrate=177437.0
2025-10-30 22:28:54,463 - dash_client.py:375 - INFO - BASIC: Downloaded segment http://juliet/media/BigBuckBunny/4sec/bunny_1473801bps/BigBuckBunny_4s13.m4s
2025-10-30 22:28:54,463 - dash_client.py:389 - INFO - BASIC : The total downloaded = 4093732, segment_size = 965248, segment_number = 14
2025-10-30 22:28:54,463 - dash_buffer.py:214 - INFO - Writing segment 14 at time 12.572686433792114
2025-10-30 22:28:54,464 - dash_buffer.py:273 - INFO - BufferStats: EpochTime=12.57283353805542,CurrentPlaybackTime=12,CurrentBufferSize=10,CurrentPlaybackState=PLAY,Action=Writing,Bitrate=1473801.0
2025-10-30 22:28:54,464 - dash_client.py:404 - INFO - Downloaded http://juliet/media/BigBuckBunny/4sec/bunny_1473801bps/BigBuckBunny_4s13.m4s. Size = 965248 in 1.8078966360008053 seconds
2025-10-30 22:28:54,464 - dash_client.py:281 - INFO -  BASIC: Processing the segment 15
2025-10-30 22:28:54,464 - basic_dash2.py:59 - INFO - Basic Adaptation: Download Rate = 4051511.0759551884, next_bitrate = 2087347.0
2025-10-30 22:28:54,464 - dash_client.py:303 - INFO - Basic-DASH: Selected 2087347.0 for the segment 16
2025-10-30 22:28:54,465 - dash_client.py:360 - INFO - BASIC: Segment URL = http://juliet/media/BigBuckBunny/4sec/bunny_2087347bps/BigBuckBunny_4s14.m4s
2025-10-30 22:28:56,816 - dash_client.py:375 - INFO - BASIC: Downloaded segment http://juliet/media/BigBuckBunny/4sec/bunny_2087347bps/BigBuckBunny_4s14.m4s
2025-10-30 22:28:56,816 - dash_client.py:389 - INFO - BASIC : The total downloaded = 5358879, segment_size = 1265147, segment_number = 15
2025-10-30 22:28:56,816 - dash_buffer.py:214 - INFO - Writing segment 15 at time 14.925301313400269
2025-10-30 22:28:56,816 - dash_buffer.py:273 - INFO - BufferStats: EpochTime=14.92544412612915,CurrentPlaybackTime=14,CurrentBufferSize=11,CurrentPlaybackState=PLAY,Action=Writing,Bitrate=2087347.0
2025-10-30 22:28:56,816 - dash_client.py:404 - INFO - Downloaded http://juliet/media/BigBuckBunny/4sec/bunny_2087347bps/BigBuckBunny_4s14.m4s. Size = 1265147 in 2.3511001789993315 seconds
2025-10-30 22:28:56,816 - dash_client.py:281 - INFO -  BASIC: Processing the segment 16
2025-10-30 22:28:56,817 - basic_dash2.py:59 - INFO - Basic Adaptation: Download Rate = 4168291.244200073, next_bitrate = 2409742.0
2025-10-30 22:28:56,817 - dash_client.py:303 - INFO - Basic-DASH: Selected 2409742.0 for the segment 17
2025-10-30 22:28:56,817 - dash_client.py:360 - INFO - BASIC: Segment URL = http://juliet/media/BigBuckBunny/4sec/bunny_2409742bps/BigBuckBunny_4s15.m4s
2025-10-30 22:28:56,817 - dash_client.py:363 - INFO - SLEEPING for 4seconds 
2025-10-30 22:28:57,893 - dash_buffer.py:170 - INFO - Reading the segment number 5 from the buffer at playtime 16
2025-10-30 22:28:57,894 - dash_buffer.py:273 - INFO - BufferStats: EpochTime=16.003448009490967,CurrentPlaybackTime=16,CurrentBufferSize=10,CurrentPlaybackState=PLAY,Action=StillPlaying,Bitrate=217761.0
2025-10-30 22:29:01,893 - dash_buffer.py:170 - INFO - Reading the segment number 6 from the buffer at playtime 20
2025-10-30 22:29:01,893 - dash_buffer.py:273 - INFO - BufferStats: EpochTime=20.002591848373413,CurrentPlaybackTime=20,CurrentBufferSize=9,CurrentPlaybackState=PLAY,Action=StillPlaying,Bitrate=255865.0
2025-10-30 22:29:02,046 - dash_client.py:375 - INFO - BASIC: Downloaded segment http://juliet/media/BigBuckBunny/4sec/bunny_2409742bps/BigBuckBunny_4s15.m4s
2025-10-30 22:29:02,046 - dash_client.py:389 - INFO - BASIC : The total downloaded = 5994502, segment_size = 635623, segment_number = 16
2025-10-30 22:29:02,046 - dash_buffer.py:214 - INFO - Writing segment 16 at time 20.155346632003784
2025-10-30 22:29:02,046 - dash_buffer.py:273 - INFO - BufferStats: EpochTime=20.155497789382935,CurrentPlaybackTime=20,CurrentBufferSize=10,CurrentPlaybackState=PLAY,Action=Writing,Bitrate=2409742.0
2025-10-30 22:29:02,046 - dash_client.py:404 - INFO - Downloaded http://juliet/media/BigBuckBunny/4sec/bunny_2409742bps/BigBuckBunny_4s15.m4s. Size = 635623 in 1.2044253860003664 seconds
2025-10-30 22:29:02,047 - dash_client.py:281 - INFO -  BASIC: Processing the segment 17
2025-10-30 22:29:02,047 - basic_dash2.py:59 - INFO - Basic Adaptation: Download Rate = 4275881.01419537, next_bitrate = 2944291.0
2025-10-30 22:29:02,047 - dash_client.py:303 - INFO - Basic-DASH: Selected 2944291.0 for the segment 18
2025-10-30 22:29:02,047 - dash_client.py:360 - INFO - BASIC: Segment URL = http://juliet/media/BigBuckBunny/4sec/bunny_2944291bps/BigBuckBunny_4s16.m4s
2025-10-30 22:29:04,245 - dash_client.py:375 - INFO - BASIC: Downloaded segment http://juliet/media/BigBuckBunny/4sec/bunny_2944291bps/BigBuckBunny_4s16.m4s
2025-10-30 22:29:04,245 - dash_client.py:389 - INFO - BASIC : The total downloaded = 7111758, segment_size = 1117256, segment_number = 17
2025-10-30 22:29:04,246 - dash_buffer.py:214 - INFO - Writing segment 17 at time 22.354878902435303
2025-10-30 22:29:04,246 - dash_buffer.py:273 - INFO - BufferStats: EpochTime=22.355026245117188,CurrentPlaybackTime=22,CurrentBufferSize=11,CurrentPlaybackState=PLAY,Action=Writing,Bitrate=2944291.0
2025-10-30 22:29:04,246 - dash_client.py:404 - INFO - Downloaded http://juliet/media/BigBuckBunny/4sec/bunny_2944291bps/BigBuckBunny_4s16.m4s. Size = 1117256 in 2.198006811999221 seconds
2025-10-30 22:29:04,246 - dash_client.py:281 - INFO -  BASIC: Processing the segment 18
2025-10-30 22:29:04,246 - basic_dash2.py:59 - INFO - Basic Adaptation: Download Rate = 4253507.435573523, next_bitrate = 3340509.0
2025-10-30 22:29:04,247 - dash_client.py:303 - INFO - Basic-DASH: Selected 3340509.0 for the segment 19
2025-10-30 22:29:04,247 - dash_client.py:360 - INFO - BASIC: Segment URL = http://juliet/media/BigBuckBunny/4sec/bunny_3340509bps/BigBuckBunny_4s17.m4s
2025-10-30 22:29:04,247 - dash_client.py:363 - INFO - SLEEPING for 4seconds 
2025-10-30 22:29:05,893 - dash_buffer.py:170 - INFO - Reading the segment number 7 from the buffer at playtime 24
2025-10-30 22:29:05,893 - dash_buffer.py:273 - INFO - BufferStats: EpochTime=24.002506494522095,CurrentPlaybackTime=24,CurrentBufferSize=10,CurrentPlaybackState=PLAY,Action=StillPlaying,Bitrate=323047.0
2025-10-30 22:29:09,893 - dash_buffer.py:170 - INFO - Reading the segment number 8 from the buffer at playtime 28
2025-10-30 22:29:09,893 - dash_buffer.py:273 - INFO - BufferStats: EpochTime=28.002605199813843,CurrentPlaybackTime=28,CurrentBufferSize=9,CurrentPlaybackState=PLAY,Action=StillPlaying,Bitrate=378355.0
2025-10-30 22:29:11,715 - dash_client.py:375 - INFO - BASIC: Downloaded segment http://juliet/media/BigBuckBunny/4sec/bunny_3340509bps/BigBuckBunny_4s17.m4s
2025-10-30 22:29:11,715 - dash_client.py:389 - INFO - BASIC : The total downloaded = 8784915, segment_size = 1673157, segment_number = 18
2025-10-30 22:29:11,715 - dash_buffer.py:214 - INFO - Writing segment 18 at time 29.824440717697144
2025-10-30 22:29:11,715 - dash_buffer.py:273 - INFO - BufferStats: EpochTime=29.824597358703613,CurrentPlaybackTime=29,CurrentBufferSize=10,CurrentPlaybackState=PLAY,Action=Writing,Bitrate=3340509.0
2025-10-30 22:29:11,715 - dash_client.py:404 - INFO - Downloaded http://juliet/media/BigBuckBunny/4sec/bunny_3340509bps/BigBuckBunny_4s17.m4s. Size = 1673157 in 3.443616379001469 seconds
2025-10-30 22:29:11,716 - dash_client.py:281 - INFO -  BASIC: Processing the segment 19
2025-10-30 22:29:11,716 - basic_dash2.py:59 - INFO - Basic Adaptation: Download Rate = 4111881.994861207, next_bitrate = 3613836.0
2025-10-30 22:29:11,716 - dash_client.py:303 - INFO - Basic-DASH: Selected 3613836.0 for the segment 20
2025-10-30 22:29:11,716 - dash_client.py:360 - INFO - BASIC: Segment URL = http://juliet/media/BigBuckBunny/4sec/bunny_3613836bps/BigBuckBunny_4s18.m4s
2025-10-30 22:29:13,893 - dash_buffer.py:170 - INFO - Reading the segment number 9 from the buffer at playtime 32
2025-10-30 22:29:13,893 - dash_buffer.py:273 - INFO - BufferStats: EpochTime=32.00260066986084,CurrentPlaybackTime=32,CurrentBufferSize=9,CurrentPlaybackState=PLAY,Action=StillPlaying,Bitrate=509091.0
2025-10-30 22:29:14,161 - dash_client.py:375 - INFO - BASIC: Downloaded segment http://juliet/media/BigBuckBunny/4sec/bunny_3613836bps/BigBuckBunny_4s18.m4s
2025-10-30 22:29:14,161 - dash_client.py:389 - INFO - BASIC : The total downloaded = 10103578, segment_size = 1318663, segment_number = 19
2025-10-30 22:29:14,162 - dash_buffer.py:214 - INFO - Writing segment 19 at time 32.270904302597046
2025-10-30 22:29:14,162 - dash_buffer.py:273 - INFO - BufferStats: EpochTime=32.27104711532593,CurrentPlaybackTime=32,CurrentBufferSize=10,CurrentPlaybackState=PLAY,Action=Writing,Bitrate=3613836.0
2025-10-30 22:29:14,162 - dash_client.py:404 - INFO - Downloaded http://juliet/media/BigBuckBunny/4sec/bunny_3613836bps/BigBuckBunny_4s18.m4s. Size = 1318663 in 2.4449425650000194 seconds
2025-10-30 22:29:14,162 - dash_client.py:281 - INFO -  BASIC: Processing the segment 20
2025-10-30 22:29:14,163 - basic_dash2.py:59 - INFO - Basic Adaptation: Download Rate = 4129736.374191968, next_bitrate = 3340509.0
2025-10-30 22:29:14,163 - dash_client.py:303 - INFO - Basic-DASH: Selected 3340509.0 for the segment 21
2025-10-30 22:29:14,163 - dash_client.py:360 - INFO - BASIC: Segment URL = http://juliet/media/BigBuckBunny/4sec/bunny_3340509bps/BigBuckBunny_4s19.m4s
2025-10-30 22:29:17,408 - dash_client.py:375 - INFO - BASIC: Downloaded segment http://juliet/media/BigBuckBunny/4sec/bunny_3340509bps/BigBuckBunny_4s19.m4s
2025-10-30 22:29:17,408 - dash_client.py:389 - INFO - BASIC : The total downloaded = 11771062, segment_size = 1667484, segment_number = 20
2025-10-30 22:29:17,408 - dash_buffer.py:214 - INFO - Writing segment 20 at time 35.517677783966064
2025-10-30 22:29:17,409 - dash_buffer.py:273 - INFO - BufferStats: EpochTime=35.51782298088074,CurrentPlaybackTime=35,CurrentBufferSize=11,CurrentPlaybackState=PLAY,Action=Writing,Bitrate=3340509.0
2025-10-30 22:29:17,409 - dash_client.py:404 - INFO - Downloaded http://juliet/media/BigBuckBunny/4sec/bunny_3340509bps/BigBuckBunny_4s19.m4s. Size = 1667484 in 3.2451910079998925 seconds
2025-10-30 22:29:17,409 - dash_client.py:281 - INFO -  BASIC: Processing the segment 21
2025-10-30 22:29:17,409 - basic_dash2.py:59 - INFO - Basic Adaptation: Download Rate = 4091952.6683804635, next_bitrate = 3613836.0
2025-10-30 22:29:17,409 - dash_client.py:303 - INFO - Basic-DASH: Selected 3613836.0 for the segment 22
2025-10-30 22:29:17,410 - dash_client.py:360 - INFO - BASIC: Segment URL = http://juliet/media/BigBuckBunny/4sec/bunny_3613836bps/BigBuckBunny_4s20.m4s
2025-10-30 22:29:17,410 - dash_client.py:363 - INFO - SLEEPING for 4seconds 
2025-10-30 22:29:17,893 - dash_buffer.py:170 - INFO - Reading the segment number 10 from the buffer at playtime 36
2025-10-30 22:29:17,893 - dash_buffer.py:273 - INFO - BufferStats: EpochTime=36.00250720977783,CurrentPlaybackTime=36,CurrentBufferSize=10,CurrentPlaybackState=PLAY,Action=StillPlaying,Bitrate=577751.0
2025-10-30 22:29:21,893 - dash_buffer.py:170 - INFO - Reading the segment number 11 from the buffer at playtime 40
2025-10-30 22:29:21,893 - dash_buffer.py:273 - INFO - BufferStats: EpochTime=40.00260329246521,CurrentPlaybackTime=40,CurrentBufferSize=9,CurrentPlaybackState=PLAY,Action=StillPlaying,Bitrate=782553.0
2025-10-30 22:29:25,893 - dash_buffer.py:170 - INFO - Reading the segment number 12 from the buffer at playtime 44
2025-10-30 22:29:25,893 - dash_buffer.py:273 - INFO - BufferStats: EpochTime=44.00259780883789,CurrentPlaybackTime=44,CurrentBufferSize=8,CurrentPlaybackState=PLAY,Action=StillPlaying,Bitrate=1008699.0
2025-10-30 22:29:27,869 - dash_client.py:375 - INFO - BASIC: Downloaded segment http://juliet/media/BigBuckBunny/4sec/bunny_3613836bps/BigBuckBunny_4s20.m4s
2025-10-30 22:29:27,869 - dash_client.py:389 - INFO - BASIC : The total downloaded = 14868281, segment_size = 3097219, segment_number = 21
2025-10-30 22:29:27,869 - dash_buffer.py:214 - INFO - Writing segment 21 at time 45.978249311447144
2025-10-30 22:29:27,869 - dash_buffer.py:273 - INFO - BufferStats: EpochTime=45.978386878967285,CurrentPlaybackTime=45,CurrentBufferSize=9,CurrentPlaybackState=PLAY,Action=Writing,Bitrate=3613836.0
2025-10-30 22:29:27,869 - dash_client.py:404 - INFO - Downloaded http://juliet/media/BigBuckBunny/4sec/bunny_3613836bps/BigBuckBunny_4s20.m4s. Size = 3097219 in 6.435329668998747 seconds
2025-10-30 22:29:27,869 - dash_client.py:281 - INFO -  BASIC: Processing the segment 22
2025-10-30 22:29:27,870 - basic_dash2.py:59 - INFO - Basic Adaptation: Download Rate = 3995603.458547243, next_bitrate = 2944291.0
2025-10-30 22:29:27,870 - dash_client.py:303 - INFO - Basic-DASH: Selected 2944291.0 for the segment 23
2025-10-30 22:29:27,870 - dash_client.py:360 - INFO - BASIC: Segment URL = http://juliet/media/BigBuckBunny/4sec/bunny_2944291bps/BigBuckBunny_4s21.m4s
2025-10-30 22:29:29,893 - dash_buffer.py:170 - INFO - Reading the segment number 13 from the buffer at playtime 48
2025-10-30 22:29:29,893 - dash_buffer.py:273 - INFO - BufferStats: EpochTime=48.00260257720947,CurrentPlaybackTime=48,CurrentBufferSize=8,CurrentPlaybackState=PLAY,Action=StillPlaying,Bitrate=1207152.0
2025-10-30 22:29:31,540 - dash_client.py:375 - INFO - BASIC: Downloaded segment http://juliet/media/BigBuckBunny/4sec/bunny_2944291bps/BigBuckBunny_4s21.m4s
2025-10-30 22:29:31,540 - dash_client.py:389 - INFO - BASIC : The total downloaded = 16384897, segment_size = 1516616, segment_number = 22
2025-10-30 22:29:31,541 - dash_buffer.py:214 - INFO - Writing segment 22 at time 49.64982199668884
2025-10-30 22:29:31,541 - dash_buffer.py:273 - INFO - BufferStats: EpochTime=49.64993333816528,CurrentPlaybackTime=49,CurrentBufferSize=9,CurrentPlaybackState=PLAY,Action=Writing,Bitrate=2944291.0
2025-10-30 22:29:31,541 - dash_client.py:404 - INFO - Downloaded http://juliet/media/BigBuckBunny/4sec/bunny_2944291bps/BigBuckBunny_4s21.m4s. Size = 1516616 in 3.670043173000522 seconds
2025-10-30 22:29:31,541 - dash_client.py:281 - INFO -  BASIC: Processing the segment 23
2025-10-30 22:29:31,541 - basic_dash2.py:59 - INFO - Basic Adaptation: Download Rate = 3855950.8556769127, next_bitrate = 3340509.0
2025-10-30 22:29:31,542 - dash_client.py:303 - INFO - Basic-DASH: Selected 3340509.0 for the segment 24
2025-10-30 22:29:31,542 - dash_client.py:360 - INFO - BASIC: Segment URL = http://juliet/media/BigBuckBunny/4sec/bunny_3340509bps/BigBuckBunny_4s22.m4s
2025-10-30 22:29:33,499 - dash_client.py:375 - INFO - BASIC: Downloaded segment http://juliet/media/BigBuckBunny/4sec/bunny_3340509bps/BigBuckBunny_4s22.m4s
2025-10-30 22:29:33,499 - dash_client.py:389 - INFO - BASIC : The total downloaded = 17035471, segment_size = 650574, segment_number = 23
2025-10-30 22:29:33,499 - dash_buffer.py:214 - INFO - Writing segment 23 at time 51.60827851295471
2025-10-30 22:29:33,499 - dash_buffer.py:273 - INFO - BufferStats: EpochTime=51.6084201335907,CurrentPlaybackTime=51,CurrentBufferSize=10,CurrentPlaybackState=PLAY,Action=Writing,Bitrate=3340509.0
2025-10-30 22:29:33,499 - dash_client.py:404 - INFO - Downloaded http://juliet/media/BigBuckBunny/4sec/bunny_3340509bps/BigBuckBunny_4s22.m4s. Size = 650574 in 1.9569915120009682 seconds
2025-10-30 22:29:33,499 - dash_client.py:281 - INFO -  BASIC: Processing the segment 24
2025-10-30 22:29:33,500 - basic_dash2.py:59 - INFO - Basic Adaptation: Download Rate = 3718037.217715285, next_bitrate = 2944291.0
2025-10-30 22:29:33,500 - dash_client.py:303 - INFO - Basic-DASH: Selected 2944291.0 for the segment 25
2025-10-30 22:29:33,500 - dash_client.py:360 - INFO - BASIC: Segment URL = http://juliet/media/BigBuckBunny/4sec/bunny_2944291bps/BigBuckBunny_4s23.m4s
2025-10-30 22:29:33,893 - dash_buffer.py:170 - INFO - Reading the segment number 14 from the buffer at playtime 52
2025-10-30 22:29:33,893 - dash_buffer.py:273 - INFO - BufferStats: EpochTime=52.002573013305664,CurrentPlaybackTime=52,CurrentBufferSize=9,CurrentPlaybackState=PLAY,Action=StillPlaying,Bitrate=1473801.0
2025-10-30 22:29:35,595 - dash_client.py:375 - INFO - BASIC: Downloaded segment http://juliet/media/BigBuckBunny/4sec/bunny_2944291bps/BigBuckBunny_4s23.m4s
2025-10-30 22:29:35,595 - dash_client.py:389 - INFO - BASIC : The total downloaded = 18016558, segment_size = 981087, segment_number = 24
2025-10-30 22:29:35,596 - dash_buffer.py:214 - INFO - Writing segment 24 at time 53.704930782318115
2025-10-30 22:29:35,596 - dash_buffer.py:273 - INFO - BufferStats: EpochTime=53.705074071884155,CurrentPlaybackTime=53,CurrentBufferSize=10,CurrentPlaybackState=PLAY,Action=Writing,Bitrate=2944291.0
2025-10-30 22:29:35,596 - dash_client.py:404 - INFO - Downloaded http://juliet/media/BigBuckBunny/4sec/bunny_2944291bps/BigBuckBunny_4s23.m4s. Size = 981087 in 2.095118860999719 seconds
2025-10-30 22:29:35,596 - dash_client.py:281 - INFO -  BASIC: Processing the segment 25
2025-10-30 22:29:35,597 - basic_dash2.py:59 - INFO - Basic Adaptation: Download Rate = 3637592.658968236, next_bitrate = 3340509.0
2025-10-30 22:29:35,597 - dash_client.py:303 - INFO - Basic-DASH: Selected 3340509.0 for the segment 26
2025-10-30 22:29:35,597 - dash_client.py:360 - INFO - BASIC: Segment URL = http://juliet/media/BigBuckBunny/4sec/bunny_3340509bps/BigBuckBunny_4s24.m4s
2025-10-30 22:29:37,024 - dash_client.py:375 - INFO - BASIC: Downloaded segment http://juliet/media/BigBuckBunny/4sec/bunny_3340509bps/BigBuckBunny_4s24.m4s
2025-10-30 22:29:37,024 - dash_client.py:389 - INFO - BASIC : The total downloaded = 18580934, segment_size = 564376, segment_number = 25
2025-10-30 22:29:37,024 - dash_buffer.py:214 - INFO - Writing segment 25 at time 55.133240938186646
2025-10-30 22:29:37,024 - dash_buffer.py:273 - INFO - BufferStats: EpochTime=55.13338804244995,CurrentPlaybackTime=55,CurrentBufferSize=11,CurrentPlaybackState=PLAY,Action=Writing,Bitrate=3340509.0
2025-10-30 22:29:37,024 - dash_client.py:404 - INFO - Downloaded http://juliet/media/BigBuckBunny/4sec/bunny_3340509bps/BigBuckBunny_4s24.m4s. Size = 564376 in 1.4267830310000136 seconds
2025-10-30 22:29:37,024 - dash_client.py:281 - INFO -  BASIC: Processing the segment 26
2025-10-30 22:29:37,025 - basic_dash2.py:59 - INFO - Basic Adaptation: Download Rate = 3495767.791697166, next_bitrate = 2409742.0
2025-10-30 22:29:37,025 - dash_client.py:303 - INFO - Basic-DASH: Selected 2409742.0 for the segment 27
2025-10-30 22:29:37,025 - dash_client.py:360 - INFO - BASIC: Segment URL = http://juliet/media/BigBuckBunny/4sec/bunny_2409742bps/BigBuckBunny_4s25.m4s
2025-10-30 22:29:37,025 - dash_client.py:363 - INFO - SLEEPING for 4seconds 
2025-10-30 22:29:37,893 - dash_buffer.py:170 - INFO - Reading the segment number 15 from the buffer at playtime 56
2025-10-30 22:29:37,893 - dash_buffer.py:273 - INFO - BufferStats: EpochTime=56.00247669219971,CurrentPlaybackTime=56,CurrentBufferSize=10,CurrentPlaybackState=PLAY,Action=StillPlaying,Bitrate=2087347.0
2025-10-30 22:29:41,893 - dash_buffer.py:170 - INFO - Reading the segment number 16 from the buffer at playtime 60
2025-10-30 22:29:41,893 - dash_buffer.py:273 - INFO - BufferStats: EpochTime=60.0025577545166,CurrentPlaybackTime=60,CurrentBufferSize=9,CurrentPlaybackState=PLAY,Action=StillPlaying,Bitrate=2409742.0
2025-10-30 22:29:43,034 - dash_client.py:375 - INFO - BASIC: Downloaded segment http://juliet/media/BigBuckBunny/4sec/bunny_2409742bps/BigBuckBunny_4s25.m4s
2025-10-30 22:29:43,034 - dash_client.py:389 - INFO - BASIC : The total downloaded = 19274323, segment_size = 693389, segment_number = 26
2025-10-30 22:29:43,034 - dash_buffer.py:214 - INFO - Writing segment 26 at time 61.14321184158325
2025-10-30 22:29:43,034 - dash_buffer.py:273 - INFO - BufferStats: EpochTime=61.14332556724548,CurrentPlaybackTime=61,CurrentBufferSize=10,CurrentPlaybackState=PLAY,Action=Writing,Bitrate=2409742.0
2025-10-30 22:29:43,034 - dash_client.py:404 - INFO - Downloaded http://juliet/media/BigBuckBunny/4sec/bunny_2409742bps/BigBuckBunny_4s25.m4s. Size = 693389 in 1.9843389199995727 seconds
2025-10-30 22:29:43,034 - dash_client.py:281 - INFO -  BASIC: Processing the segment 27
2025-10-30 22:29:43,035 - basic_dash2.py:59 - INFO - Basic Adaptation: Download Rate = 3166034.650763433, next_bitrate = 2944291.0
2025-10-30 22:29:43,035 - dash_client.py:303 - INFO - Basic-DASH: Selected 2944291.0 for the segment 28
2025-10-30 22:29:43,035 - dash_client.py:360 - INFO - BASIC: Segment URL = http://juliet/media/BigBuckBunny/4sec/bunny_2944291bps/BigBuckBunny_4s26.m4s
2025-10-30 22:29:45,893 - dash_buffer.py:170 - INFO - Reading the segment number 17 from the buffer at playtime 64
2025-10-30 22:29:45,893 - dash_buffer.py:273 - INFO - BufferStats: EpochTime=64.00258827209473,CurrentPlaybackTime=64,CurrentBufferSize=9,CurrentPlaybackState=PLAY,Action=StillPlaying,Bitrate=2944291.0
2025-10-30 22:29:46,196 - dash_client.py:375 - INFO - BASIC: Downloaded segment http://juliet/media/BigBuckBunny/4sec/bunny_2944291bps/BigBuckBunny_4s26.m4s
2025-10-30 22:29:46,196 - dash_client.py:389 - INFO - BASIC : The total downloaded = 20448112, segment_size = 1173789, segment_number = 27
2025-10-30 22:29:46,196 - dash_buffer.py:214 - INFO - Writing segment 27 at time 64.30573105812073
2025-10-30 22:29:46,197 - dash_buffer.py:273 - INFO - BufferStats: EpochTime=64.3058614730835,CurrentPlaybackTime=64,CurrentBufferSize=10,CurrentPlaybackState=PLAY,Action=Writing,Bitrate=2944291.0
2025-10-30 22:29:46,197 - dash_client.py:404 - INFO - Downloaded http://juliet/media/BigBuckBunny/4sec/bunny_2944291bps/BigBuckBunny_4s26.m4s. Size = 1173789 in 3.1610448759984138 seconds
2025-10-30 22:29:46,197 - dash_client.py:281 - INFO -  BASIC: Processing the segment 28
2025-10-30 22:29:46,197 - basic_dash2.py:59 - INFO - Basic Adaptation: Download Rate = 3059570.0195025047, next_bitrate = 2409742.0
2025-10-30 22:29:46,197 - dash_client.py:303 - INFO - Basic-DASH: Selected 2409742.0 for the segment 29
2025-10-30 22:29:46,198 - dash_client.py:360 - INFO - BASIC: Segment URL = http://juliet/media/BigBuckBunny/4sec/bunny_2409742bps/BigBuckBunny_4s27.m4s
2025-10-30 22:29:48,352 - dash_client.py:375 - INFO - BASIC: Downloaded segment http://juliet/media/BigBuckBunny/4sec/bunny_2409742bps/BigBuckBunny_4s27.m4s
2025-10-30 22:29:48,352 - dash_client.py:389 - INFO - BASIC : The total downloaded = 21389175, segment_size = 941063, segment_number = 28
2025-10-30 22:29:48,353 - dash_buffer.py:214 - INFO - Writing segment 28 at time 66.46190881729126
2025-10-30 22:29:48,353 - dash_buffer.py:273 - INFO - BufferStats: EpochTime=66.46205425262451,CurrentPlaybackTime=66,CurrentBufferSize=11,CurrentPlaybackState=PLAY,Action=Writing,Bitrate=2409742.0
2025-10-30 22:29:48,353 - dash_client.py:404 - INFO - Downloaded http://juliet/media/BigBuckBunny/4sec/bunny_2409742bps/BigBuckBunny_4s27.m4s. Size = 941063 in 2.154668114000742 seconds
2025-10-30 22:29:48,353 - dash_client.py:281 - INFO -  BASIC: Processing the segment 29
2025-10-30 22:29:48,354 - basic_dash2.py:59 - INFO - Basic Adaptation: Download Rate = 3218423.6448660595, next_bitrate = 2944291.0
2025-10-30 22:29:48,354 - dash_client.py:303 - INFO - Basic-DASH: Selected 2944291.0 for the segment 30
2025-10-30 22:29:48,354 - dash_client.py:360 - INFO - BASIC: Segment URL = http://juliet/media/BigBuckBunny/4sec/bunny_2944291bps/BigBuckBunny_4s28.m4s
2025-10-30 22:29:48,354 - dash_client.py:363 - INFO - SLEEPING for 4seconds 
2025-10-30 22:29:49,893 - dash_buffer.py:170 - INFO - Reading the segment number 18 from the buffer at playtime 68
2025-10-30 22:29:49,893 - dash_buffer.py:273 - INFO - BufferStats: EpochTime=68.00251960754395,CurrentPlaybackTime=68,CurrentBufferSize=10,CurrentPlaybackState=PLAY,Action=StillPlaying,Bitrate=3340509.0
2025-10-30 22:29:53,893 - dash_buffer.py:170 - INFO - Reading the segment number 19 from the buffer at playtime 72
2025-10-30 22:29:53,893 - dash_buffer.py:273 - INFO - BufferStats: EpochTime=72.00262951850891,CurrentPlaybackTime=72,CurrentBufferSize=9,CurrentPlaybackState=PLAY,Action=StillPlaying,Bitrate=3613836.0
2025-10-30 22:29:54,094 - dash_client.py:375 - INFO - BASIC: Downloaded segment http://juliet/media/BigBuckBunny/4sec/bunny_2944291bps/BigBuckBunny_4s28.m4s
2025-10-30 22:29:54,094 - dash_client.py:389 - INFO - BASIC : The total downloaded = 22261032, segment_size = 871857, segment_number = 29
2025-10-30 22:29:54,094 - dash_buffer.py:214 - INFO - Writing segment 29 at time 72.20368313789368
2025-10-30 22:29:54,095 - dash_buffer.py:273 - INFO - BufferStats: EpochTime=72.20381355285645,CurrentPlaybackTime=72,CurrentBufferSize=10,CurrentPlaybackState=PLAY,Action=Writing,Bitrate=2944291.0
2025-10-30 22:29:54,095 - dash_client.py:404 - INFO - Downloaded http://juliet/media/BigBuckBunny/4sec/bunny_2944291bps/BigBuckBunny_4s28.m4s. Size = 871857 in 1.7167587929998263 seconds
2025-10-30 22:29:54,095 - dash_client.py:281 - INFO -  BASIC: Processing the segment 30
2025-10-30 22:29:54,095 - basic_dash2.py:59 - INFO - Basic Adaptation: Download Rate = 3251351.2938997913, next_bitrate = 2409742.0
2025-10-30 22:29:54,095 - dash_client.py:303 - INFO - Basic-DASH: Selected 2409742.0 for the segment 31
2025-10-30 22:29:54,096 - dash_client.py:360 - INFO - BASIC: Segment URL = http://juliet/media/BigBuckBunny/4sec/bunny_2409742bps/BigBuckBunny_4s29.m4s
2025-10-30 22:29:57,053 - dash_client.py:375 - INFO - BASIC: Downloaded segment http://juliet/media/BigBuckBunny/4sec/bunny_2409742bps/BigBuckBunny_4s29.m4s
2025-10-30 22:29:57,053 - dash_client.py:389 - INFO - BASIC : The total downloaded = 23625903, segment_size = 1364871, segment_number = 30
2025-10-30 22:29:57,053 - dash_buffer.py:214 - INFO - Writing segment 30 at time 75.16275024414062
2025-10-30 22:29:57,054 - dash_buffer.py:273 - INFO - BufferStats: EpochTime=75.16289401054382,CurrentPlaybackTime=75,CurrentBufferSize=11,CurrentPlaybackState=PLAY,Action=Writing,Bitrate=2409742.0
2025-10-30 22:29:57,054 - dash_client.py:404 - INFO - Downloaded http://juliet/media/BigBuckBunny/4sec/bunny_2409742bps/BigBuckBunny_4s29.m4s. Size = 1364871 in 2.957545724000738 seconds
2025-10-30 22:29:57,054 - dash_client.py:281 - INFO -  BASIC: Processing the segment 31
2025-10-30 22:29:57,054 - basic_dash2.py:59 - INFO - Basic Adaptation: Download Rate = 3370515.338010022, next_bitrate = 2944291.0
2025-10-30 22:29:57,055 - dash_client.py:303 - INFO - Basic-DASH: Selected 2944291.0 for the segment 32
2025-10-30 22:29:57,055 - dash_client.py:360 - INFO - BASIC: Segment URL = http://juliet/media/BigBuckBunny/4sec/bunny_2944291bps/BigBuckBunny_4s30.m4s
2025-10-30 22:29:57,055 - dash_client.py:363 - INFO - SLEEPING for 4seconds 
2025-10-30 22:29:57,893 - dash_buffer.py:170 - INFO - Reading the segment number 20 from the buffer at playtime 76
2025-10-30 22:29:57,894 - dash_buffer.py:273 - INFO - BufferStats: EpochTime=76.00309634208679,CurrentPlaybackTime=76,CurrentBufferSize=10,CurrentPlaybackState=PLAY,Action=StillPlaying,Bitrate=3340509.0
2025-10-30 22:30:01,893 - dash_buffer.py:170 - INFO - Reading the segment number 21 from the buffer at playtime 80
2025-10-30 22:30:01,893 - dash_buffer.py:273 - INFO - BufferStats: EpochTime=80.0026125907898,CurrentPlaybackTime=80,CurrentBufferSize=9,CurrentPlaybackState=PLAY,Action=StillPlaying,Bitrate=3613836.0
2025-10-30 22:30:04,626 - dash_client.py:375 - INFO - BASIC: Downloaded segment http://juliet/media/BigBuckBunny/4sec/bunny_2944291bps/BigBuckBunny_4s30.m4s
2025-10-30 22:30:04,626 - dash_client.py:389 - INFO - BASIC : The total downloaded = 25536916, segment_size = 1911013, segment_number = 31
2025-10-30 22:30:04,626 - dash_buffer.py:214 - INFO - Writing segment 31 at time 82.73580002784729
2025-10-30 22:30:04,627 - dash_buffer.py:273 - INFO - BufferStats: EpochTime=82.7359471321106,CurrentPlaybackTime=82,CurrentBufferSize=10,CurrentPlaybackState=PLAY,Action=Writing,Bitrate=2944291.0
2025-10-30 22:30:04,627 - dash_client.py:404 - INFO - Downloaded http://juliet/media/BigBuckBunny/4sec/bunny_2944291bps/BigBuckBunny_4s30.m4s. Size = 1911013 in 3.5470116939995933 seconds
2025-10-30 22:30:04,627 - dash_client.py:281 - INFO -  BASIC: Processing the segment 32
2025-10-30 22:30:04,627 - basic_dash2.py:59 - INFO - Basic Adaptation: Download Rate = 3701014.695033791, next_bitrate = 3340509.0
2025-10-30 22:30:04,628 - dash_client.py:303 - INFO - Basic-DASH: Selected 3340509.0 for the segment 33
2025-10-30 22:30:04,628 - dash_client.py:360 - INFO - BASIC: Segment URL = http://juliet/media/BigBuckBunny/4sec/bunny_3340509bps/BigBuckBunny_4s31.m4s
2025-10-30 22:30:05,893 - dash_buffer.py:170 - INFO - Reading the segment number 22 from the buffer at playtime 84
2025-10-30 22:30:05,893 - dash_buffer.py:273 - INFO - BufferStats: EpochTime=84.00257444381714,CurrentPlaybackTime=84,CurrentBufferSize=9,CurrentPlaybackState=PLAY,Action=StillPlaying,Bitrate=2944291.0
2025-10-30 22:30:08,299 - dash_client.py:375 - INFO - BASIC: Downloaded segment http://juliet/media/BigBuckBunny/4sec/bunny_3340509bps/BigBuckBunny_4s31.m4s
2025-10-30 22:30:08,299 - dash_client.py:389 - INFO - BASIC : The total downloaded = 27384040, segment_size = 1847124, segment_number = 32
2025-10-30 22:30:08,300 - dash_buffer.py:214 - INFO - Writing segment 32 at time 86.40884923934937
2025-10-30 22:30:08,300 - dash_buffer.py:273 - INFO - BufferStats: EpochTime=86.40899610519409,CurrentPlaybackTime=86,CurrentBufferSize=10,CurrentPlaybackState=PLAY,Action=Writing,Bitrate=3340509.0
2025-10-30 22:30:08,300 - dash_client.py:404 - INFO - Downloaded http://juliet/media/BigBuckBunny/4sec/bunny_3340509bps/BigBuckBunny_4s31.m4s. Size = 1847124 in 3.671495746999426 seconds
2025-10-30 22:30:08,300 - dash_client.py:281 - INFO -  BASIC: Processing the segment 33
2025-10-30 22:30:08,300 - basic_dash2.py:59 - INFO - Basic Adaptation: Download Rate = 3949991.294922601, next_bitrate = 2944291.0
2025-10-30 22:30:08,301 - dash_client.py:303 - INFO - Basic-DASH: Selected 2944291.0 for the segment 34
2025-10-30 22:30:08,301 - dash_client.py:360 - INFO - BASIC: Segment URL = http://juliet/media/BigBuckBunny/4sec/bunny_2944291bps/BigBuckBunny_4s32.m4s
2025-10-30 22:30:09,893 - dash_buffer.py:170 - INFO - Reading the segment number 23 from the buffer at playtime 88
2025-10-30 22:30:09,893 - dash_buffer.py:273 - INFO - BufferStats: EpochTime=88.00261116027832,CurrentPlaybackTime=88,CurrentBufferSize=9,CurrentPlaybackState=PLAY,Action=StillPlaying,Bitrate=3340509.0
2025-10-30 22:30:10,604 - dash_client.py:375 - INFO - BASIC: Downloaded segment http://juliet/media/BigBuckBunny/4sec/bunny_2944291bps/BigBuckBunny_4s32.m4s
2025-10-30 22:30:10,604 - dash_client.py:389 - INFO - BASIC : The total downloaded = 28691593, segment_size = 1307553, segment_number = 33
2025-10-30 22:30:10,604 - dash_buffer.py:214 - INFO - Writing segment 33 at time 88.71381282806396
2025-10-30 22:30:10,605 - dash_buffer.py:273 - INFO - BufferStats: EpochTime=88.71395373344421,CurrentPlaybackTime=88,CurrentBufferSize=10,CurrentPlaybackState=PLAY,Action=Writing,Bitrate=2944291.0
2025-10-30 22:30:10,605 - dash_client.py:404 - INFO - Downloaded http://juliet/media/BigBuckBunny/4sec/bunny_2944291bps/BigBuckBunny_4s32.m4s. Size = 1307553 in 2.3034045069998683 seconds
2025-10-30 22:30:10,605 - dash_client.py:281 - INFO -  BASIC: Processing the segment 34
2025-10-30 22:30:10,605 - basic_dash2.py:59 - INFO - Basic Adaptation: Download Rate = 4115134.771580299, next_bitrate = 3340509.0
2025-10-30 22:30:10,606 - dash_client.py:303 - INFO - Basic-DASH: Selected 3340509.0 for the segment 35
2025-10-30 22:30:10,606 - dash_client.py:360 - INFO - BASIC: Segment URL = http://juliet/media/BigBuckBunny/4sec/bunny_3340509bps/BigBuckBunny_4s33.m4s
2025-10-30 22:30:13,520 - dash_client.py:375 - INFO - BASIC: Downloaded segment http://juliet/media/BigBuckBunny/4sec/bunny_3340509bps/BigBuckBunny_4s33.m4s
2025-10-30 22:30:13,520 - dash_client.py:389 - INFO - BASIC : The total downloaded = 30092051, segment_size = 1400458, segment_number = 34
2025-10-30 22:30:13,520 - dash_buffer.py:214 - INFO - Writing segment 34 at time 91.62942910194397
2025-10-30 22:30:13,520 - dash_buffer.py:273 - INFO - BufferStats: EpochTime=91.62958407402039,CurrentPlaybackTime=91,CurrentBufferSize=11,CurrentPlaybackState=PLAY,Action=Writing,Bitrate=3340509.0
2025-10-30 22:30:13,520 - dash_client.py:404 - INFO - Downloaded http://juliet/media/BigBuckBunny/4sec/bunny_3340509bps/BigBuckBunny_4s33.m4s. Size = 1400458 in 2.914061869998477 seconds
2025-10-30 22:30:13,521 - dash_client.py:281 - INFO -  BASIC: Processing the segment 35
2025-10-30 22:30:13,521 - basic_dash2.py:59 - INFO - Basic Adaptation: Download Rate = 4069774.415725864, next_bitrate = 3613836.0
2025-10-30 22:30:13,521 - dash_client.py:303 - INFO - Basic-DASH: Selected 3613836.0 for the segment 36
2025-10-30 22:30:13,521 - dash_client.py:360 - INFO - BASIC: Segment URL = http://juliet/media/BigBuckBunny/4sec/bunny_3613836bps/BigBuckBunny_4s34.m4s
2025-10-30 22:30:13,521 - dash_client.py:363 - INFO - SLEEPING for 4seconds 
2025-10-30 22:30:13,893 - dash_buffer.py:170 - INFO - Reading the segment number 24 from the buffer at playtime 92
2025-10-30 22:30:13,893 - dash_buffer.py:273 - INFO - BufferStats: EpochTime=92.00246620178223,CurrentPlaybackTime=92,CurrentBufferSize=10,CurrentPlaybackState=PLAY,Action=StillPlaying,Bitrate=2944291.0
2025-10-30 22:30:17,893 - dash_buffer.py:170 - INFO - Reading the segment number 25 from the buffer at playtime 96
2025-10-30 22:30:17,893 - dash_buffer.py:273 - INFO - BufferStats: EpochTime=96.00259351730347,CurrentPlaybackTime=96,CurrentBufferSize=9,CurrentPlaybackState=PLAY,Action=StillPlaying,Bitrate=3340509.0
2025-10-30 22:30:21,347 - dash_client.py:375 - INFO - BASIC: Downloaded segment http://juliet/media/BigBuckBunny/4sec/bunny_3613836bps/BigBuckBunny_4s34.m4s
2025-10-30 22:30:21,348 - dash_client.py:389 - INFO - BASIC : The total downloaded = 31771063, segment_size = 1679012, segment_number = 35
2025-10-30 22:30:21,348 - dash_buffer.py:214 - INFO - Writing segment 35 at time 99.45703220367432
2025-10-30 22:30:21,348 - dash_buffer.py:273 - INFO - BufferStats: EpochTime=99.45718216896057,CurrentPlaybackTime=99,CurrentBufferSize=10,CurrentPlaybackState=PLAY,Action=Writing,Bitrate=3613836.0
2025-10-30 22:30:21,348 - dash_client.py:404 - INFO - Downloaded http://juliet/media/BigBuckBunny/4sec/bunny_3613836bps/BigBuckBunny_4s34.m4s. Size = 1679012 in 3.8020683270005975 seconds
2025-10-30 22:30:21,348 - dash_client.py:281 - INFO -  BASIC: Processing the segment 36
2025-10-30 22:30:21,349 - basic_dash2.py:59 - INFO - Basic Adaptation: Download Rate = 4012877.8714909647, next_bitrate = 3340509.0
2025-10-30 22:30:21,349 - dash_client.py:303 - INFO - Basic-DASH: Selected 3340509.0 for the segment 37
2025-10-30 22:30:21,349 - dash_client.py:360 - INFO - BASIC: Segment URL = http://juliet/media/BigBuckBunny/4sec/bunny_3340509bps/BigBuckBunny_4s35.m4s
2025-10-30 22:30:21,893 - dash_buffer.py:170 - INFO - Reading the segment number 26 from the buffer at playtime 100
2025-10-30 22:30:21,893 - dash_buffer.py:273 - INFO - BufferStats: EpochTime=100.00258231163025,CurrentPlaybackTime=100,CurrentBufferSize=9,CurrentPlaybackState=PLAY,Action=StillPlaying,Bitrate=2409742.0
2025-10-30 22:30:24,998 - dash_client.py:375 - INFO - BASIC: Downloaded segment http://juliet/media/BigBuckBunny/4sec/bunny_3340509bps/BigBuckBunny_4s35.m4s
2025-10-30 22:30:24,998 - dash_client.py:389 - INFO - BASIC : The total downloaded = 33496790, segment_size = 1725727, segment_number = 36
2025-10-30 22:30:24,998 - dash_buffer.py:214 - INFO - Writing segment 36 at time 103.10748887062073
2025-10-30 22:30:24,998 - dash_buffer.py:273 - INFO - BufferStats: EpochTime=103.10764408111572,CurrentPlaybackTime=103,CurrentBufferSize=10,CurrentPlaybackState=PLAY,Action=Writing,Bitrate=3340509.0
2025-10-30 22:30:24,999 - dash_client.py:404 - INFO - Downloaded http://juliet/media/BigBuckBunny/4sec/bunny_3340509bps/BigBuckBunny_4s35.m4s. Size = 1725727 in 3.6489019250002457 seconds
2025-10-30 22:30:24,999 - dash_client.py:281 - INFO -  BASIC: Processing the segment 37
2025-10-30 22:30:24,999 - basic_dash2.py:59 - INFO - Basic Adaptation: Download Rate = 3897139.2619431363, next_bitrate = 2944291.0
2025-10-30 22:30:24,999 - dash_client.py:303 - INFO - Basic-DASH: Selected 2944291.0 for the segment 38
2025-10-30 22:30:24,999 - dash_client.py:360 - INFO - BASIC: Segment URL = http://juliet/media/BigBuckBunny/4sec/bunny_2944291bps/BigBuckBunny_4s36.m4s
2025-10-30 22:30:25,893 - dash_buffer.py:170 - INFO - Reading the segment number 27 from the buffer at playtime 104
2025-10-30 22:30:25,893 - dash_buffer.py:273 - INFO - BufferStats: EpochTime=104.0025680065155,CurrentPlaybackTime=104,CurrentBufferSize=9,CurrentPlaybackState=PLAY,Action=StillPlaying,Bitrate=2944291.0
